[ 2018-08-07T08:25:23+08:00 ] ::1 /index.php/Home/Public/wap/images/s8.jpg
INFO: [ app_init ] --START--
INFO: Run Behavior\BuildLiteBehavior [ RunTime:0.000011s ]
INFO: [ app_init ] --END-- [ RunTime:0.000834s ]

[ 2018-08-07T08:25:23+08:00 ] ::1 /index.php/Home/Index/index/p/images/artwork.png
INFO: [ app_init ] --START--
INFO: Run Behavior\BuildLiteBehavior [ RunTime:0.000008s ]
INFO: [ app_init ] --END-- [ RunTime:0.000391s ]

[ 2018-08-07T08:25:23+08:00 ] ::1 /index.php/Home/Public/wap/images/s7.jpg
INFO: [ app_init ] --START--
INFO: Run Behavior\BuildLiteBehavior [ RunTime:0.000008s ]
INFO: [ app_init ] --END-- [ RunTime:0.000411s ]

[ 2018-08-07T08:25:23+08:00 ] ::1 /index.php/Home/Public/wap/images/s6.jpg
INFO: [ app_init ] --START--
INFO: Run Behavior\BuildLiteBehavior [ RunTime:0.000007s ]
INFO: [ app_init ] --END-- [ RunTime:0.000321s ]

[ 2018-08-07T08:25:23+08:00 ] ::1 /index.php/Home/Public/wap/images/01.jpg
INFO: [ app_init ] --START--
INFO: Run Behavior\BuildLiteBehavior [ RunTime:0.000007s ]
INFO: [ app_init ] --END-- [ RunTime:0.000471s ]

[ 2018-08-07T08:25:23+08:00 ] ::1 /index.php/Home/Public/wap/images/02.jpg
INFO: [ app_init ] --START--
INFO: Run Behavior\BuildLiteBehavior [ RunTime:0.000007s ]
INFO: [ app_init ] --END-- [ RunTime:0.000381s ]

[ 2018-08-07T08:25:23+08:00 ] ::1 /index.php/Home/Public/wap/images/03.jpg
INFO: [ app_init ] --START--
INFO: Run Behavior\BuildLiteBehavior [ RunTime:0.000007s ]
INFO: [ app_init ] --END-- [ RunTime:0.000404s ]

[ 2018-08-07T08:25:24+08:00 ] ::1 /index.php/Home/Public/wap/images/08.jpg
INFO: [ app_init ] --START--
INFO: Run Behavior\BuildLiteBehavior [ RunTime:0.000008s ]
INFO: [ app_init ] --END-- [ RunTime:0.000315s ]

[ 2018-08-07T08:25:24+08:00 ] ::1 /index.php/Home/Public/wap/images/04.jpg
INFO: [ app_init ] --START--
INFO: Run Behavior\BuildLiteBehavior [ RunTime:0.000008s ]
INFO: [ app_init ] --END-- [ RunTime:0.000339s ]

[ 2018-08-07T08:25:24+08:00 ] ::1 /index.php/Home/Public/wap/images/05.jpg
INFO: [ app_init ] --START--
INFO: Run Behavior\BuildLiteBehavior [ RunTime:0.000008s ]
INFO: [ app_init ] --END-- [ RunTime:0.000328s ]

[ 2018-08-07T08:25:24+08:00 ] ::1 /index.php/Home/Public/wap/images/06.jpg
INFO: [ app_init ] --START--
INFO: Run Behavior\BuildLiteBehavior [ RunTime:0.000007s ]
INFO: [ app_init ] --END-- [ RunTime:0.000311s ]

[ 2018-08-07T08:25:24+08:00 ] ::1 /index.php/Home/Public/wap/images/07.jpg
INFO: [ app_init ] --START--
INFO: Run Behavior\BuildLiteBehavior [ RunTime:0.000011s ]
INFO: [ app_init ] --END-- [ RunTime:0.000321s ]

[ 2018-08-07T08:25:24+08:00 ] ::1 /index.php/Home/Public/wap/images/09.jpg
INFO: [ app_init ] --START--
INFO: Run Behavior\BuildLiteBehavior [ RunTime:0.000009s ]
INFO: [ app_init ] --END-- [ RunTime:0.000346s ]

[ 2018-08-07T08:27:47+08:00 ] ::1 /Home/Index/index
INFO: [ app_init ] --START--
INFO: Run Behavior\BuildLiteBehavior [ RunTime:0.000010s ]
INFO: [ app_init ] --END-- [ RunTime:0.000441s ]
INFO: [ app_begin ] --START--
INFO: Run Behavior\ReadHtmlCacheBehavior [ RunTime:0.000753s ]
INFO: [ app_begin ] --END-- [ RunTime:0.000790s ]
ERR: 无法加载数据库驱动: Think\Db\Driver\

[ 2018-08-07T08:31:07+08:00 ] ::1 /index.php/Home/Index/index/p/images/nf.mp3
INFO: [ app_init ] --START--
INFO: Run Behavior\BuildLiteBehavior [ RunTime:0.000008s ]
INFO: [ app_init ] --END-- [ RunTime:0.000401s ]
INFO: [ app_begin ] --START--
INFO: Run Behavior\ReadHtmlCacheBehavior [ RunTime:0.000952s ]
INFO: [ app_begin ] --END-- [ RunTime:0.001011s ]
ERR: 无法加载数据库驱动: Think\Db\Driver\

[ 2018-08-07T09:25:13+08:00 ] ::1 /index.php/Home/Index/index/p/3.html
INFO: [ app_init ] --START--
INFO: Run Behavior\BuildLiteBehavior [ RunTime:0.000009s ]
INFO: [ app_init ] --END-- [ RunTime:0.000530s ]
INFO: [ app_begin ] --START--
INFO: Run Behavior\ReadHtmlCacheBehavior [ RunTime:0.000590s ]
INFO: [ app_begin ] --END-- [ RunTime:0.000614s ]
ERR: 无法加载数据库驱动: Think\Db\Driver\

[ 2018-08-07T09:25:15+08:00 ] ::1 /index.php/Home/Index/index/p/3.html
INFO: [ app_init ] --START--
INFO: Run Behavior\BuildLiteBehavior [ RunTime:0.000007s ]
INFO: [ app_init ] --END-- [ RunTime:0.000390s ]
INFO: [ app_begin ] --START--
INFO: Run Behavior\ReadHtmlCacheBehavior [ RunTime:0.000474s ]
INFO: [ app_begin ] --END-- [ RunTime:0.000497s ]
ERR: 无法加载数据库驱动: Think\Db\Driver\

[ 2018-08-07T09:25:17+08:00 ] ::1 /index.php/Home/Index/index/p/images/nf.mp3
INFO: [ app_init ] --START--
INFO: Run Behavior\BuildLiteBehavior [ RunTime:0.000009s ]
INFO: [ app_init ] --END-- [ RunTime:0.000409s ]
INFO: [ app_begin ] --START--
INFO: Run Behavior\ReadHtmlCacheBehavior [ RunTime:0.000724s ]
INFO: [ app_begin ] --END-- [ RunTime:0.000790s ]
ERR: 无法加载数据库驱动: Think\Db\Driver\

[ 2018-08-07T09:27:36+08:00 ] ::1 /index.php/Home/Index/index/p/2.html
INFO: [ app_init ] --START--
INFO: Run Behavior\BuildLiteBehavior [ RunTime:0.000007s ]
INFO: [ app_init ] --END-- [ RunTime:0.000395s ]
INFO: [ app_begin ] --START--
INFO: Run Behavior\ReadHtmlCacheBehavior [ RunTime:0.000609s ]
INFO: [ app_begin ] --END-- [ RunTime:0.000638s ]
ERR: 无法加载数据库驱动: Think\Db\Driver\

[ 2018-08-07T09:27:39+08:00 ] ::1 /index.php/Home/Index/index/p/2.html
INFO: [ app_init ] --START--
INFO: Run Behavior\BuildLiteBehavior [ RunTime:0.000008s ]
INFO: [ app_init ] --END-- [ RunTime:0.000360s ]
INFO: [ app_begin ] --START--
INFO: Run Behavior\ReadHtmlCacheBehavior [ RunTime:0.000476s ]
INFO: [ app_begin ] --END-- [ RunTime:0.000501s ]
ERR: 无法加载数据库驱动: Think\Db\Driver\

[ 2018-08-07T09:27:39+08:00 ] ::1 /index.php/Home/Index/index/p/2.html
INFO: [ app_init ] --START--
INFO: Run Behavior\BuildLiteBehavior [ RunTime:0.000007s ]
INFO: [ app_init ] --END-- [ RunTime:0.000364s ]
INFO: [ app_begin ] --START--
INFO: Run Behavior\ReadHtmlCacheBehavior [ RunTime:0.000476s ]
INFO: [ app_begin ] --END-- [ RunTime:0.000501s ]
ERR: 无法加载数据库驱动: Think\Db\Driver\

[ 2018-08-07T09:27:39+08:00 ] ::1 /index.php/Home/Index/index/p/2.html
INFO: [ app_init ] --START--
INFO: Run Behavior\BuildLiteBehavior [ RunTime:0.000010s ]
INFO: [ app_init ] --END-- [ RunTime:0.000473s ]
INFO: [ app_begin ] --START--
INFO: Run Behavior\ReadHtmlCacheBehavior [ RunTime:0.000707s ]
INFO: [ app_begin ] --END-- [ RunTime:0.000741s ]
ERR: 无法加载数据库驱动: Think\Db\Driver\

[ 2018-08-07T09:27:40+08:00 ] ::1 /index.php/Home/Index/index/p/3.html
INFO: [ app_init ] --START--
INFO: Run Behavior\BuildLiteBehavior [ RunTime:0.000007s ]
INFO: [ app_init ] --END-- [ RunTime:0.000342s ]
INFO: [ app_begin ] --START--
INFO: Run Behavior\ReadHtmlCacheBehavior [ RunTime:0.000467s ]
INFO: [ app_begin ] --END-- [ RunTime:0.000491s ]
ERR: 无法加载数据库驱动: Think\Db\Driver\

[ 2018-08-07T09:27:49+08:00 ] ::1 /index.php/Home/Index/index/p/1.html
INFO: [ app_init ] --START--
INFO: Run Behavior\BuildLiteBehavior [ RunTime:0.000012s ]
INFO: [ app_init ] --END-- [ RunTime:0.000667s ]
INFO: [ app_begin ] --START--
INFO: Run Behavior\ReadHtmlCacheBehavior [ RunTime:0.000492s ]
INFO: [ app_begin ] --END-- [ RunTime:0.000517s ]
ERR: 无法加载数据库驱动: Think\Db\Driver\

[ 2018-08-07T09:29:01+08:00 ] ::1 /index.php/Home/Index/index/p/1.html
INFO: [ app_init ] --START--
INFO: Run Behavior\BuildLiteBehavior [ RunTime:0.000007s ]
INFO: [ app_init ] --END-- [ RunTime:0.000370s ]
INFO: [ app_begin ] --START--
INFO: Run Behavior\ReadHtmlCacheBehavior [ RunTime:0.000698s ]
INFO: [ app_begin ] --END-- [ RunTime:0.000727s ]
ERR: SQLSTATE[HY000] [2006] MySQL server has gone away

[ 2018-08-07T09:30:01+08:00 ] ::1 /index.php/Home/Index/index/p/1.html
INFO: [ app_init ] --START--
INFO: Run Behavior\BuildLiteBehavior [ RunTime:0.000007s ]
INFO: [ app_init ] --END-- [ RunTime:0.000371s ]
INFO: [ app_begin ] --START--
INFO: Run Behavior\ReadHtmlCacheBehavior [ RunTime:0.000570s ]
INFO: [ app_begin ] --END-- [ RunTime:0.000598s ]
ERR: SQLSTATE[HY000] [2006] MySQL server has gone away

[ 2018-08-07T09:31:01+08:00 ] ::1 /index.php/Home/Index/index/p/1.html
INFO: [ app_init ] --START--
INFO: Run Behavior\BuildLiteBehavior [ RunTime:0.000007s ]
INFO: [ app_init ] --END-- [ RunTime:0.000405s ]
INFO: [ app_begin ] --START--
INFO: Run Behavior\ReadHtmlCacheBehavior [ RunTime:0.000570s ]
INFO: [ app_begin ] --END-- [ RunTime:0.000635s ]
ERR: SQLSTATE[HY000] [2006] MySQL server has gone away

[ 2018-08-07T09:32:01+08:00 ] ::1 /index.php/Home/Index/index/p/1.html
INFO: [ app_init ] --START--
INFO: Run Behavior\BuildLiteBehavior [ RunTime:0.000007s ]
INFO: [ app_init ] --END-- [ RunTime:0.000374s ]
INFO: [ app_begin ] --START--
INFO: Run Behavior\ReadHtmlCacheBehavior [ RunTime:0.000563s ]
INFO: [ app_begin ] --END-- [ RunTime:0.000588s ]

[ 2018-08-07T09:33:01+08:00 ] ::1 /index.php/Home/Index/index/p/1.html
INFO: [ app_init ] --START--
INFO: Run Behavior\BuildLiteBehavior [ RunTime:0.000007s ]
INFO: [ app_init ] --END-- [ RunTime:0.000372s ]
INFO: [ app_begin ] --START--
INFO: Run Behavior\ReadHtmlCacheBehavior [ RunTime:0.000608s ]
INFO: [ app_begin ] --END-- [ RunTime:0.000634s ]

[ 2018-08-07T09:33:01+08:00 ] ::1 /index.php/Home/Index/index/p/1.html
INFO: [ app_init ] --START--
INFO: Run Behavior\BuildLiteBehavior [ RunTime:0.000008s ]
INFO: [ app_init ] --END-- [ RunTime:0.000383s ]
INFO: [ app_begin ] --START--
INFO: Run Behavior\ReadHtmlCacheBehavior [ RunTime:0.000640s ]
INFO: [ app_begin ] --END-- [ RunTime:0.000673s ]

[ 2018-08-07T09:33:01+08:00 ] ::1 /index.php/Home/Index/index
INFO: [ app_init ] --START--
INFO: Run Behavior\BuildLiteBehavior [ RunTime:0.000009s ]
INFO: [ app_init ] --END-- [ RunTime:0.000504s ]
INFO: [ app_begin ] --START--
INFO: Run Behavior\ReadHtmlCacheBehavior [ RunTime:0.000613s ]
INFO: [ app_begin ] --END-- [ RunTime:0.000646s ]

[ 2018-08-07T09:33:01+08:00 ] ::1 /index.php/Home/Index/index/p/.html
INFO: [ app_init ] --START--
INFO: Run Behavior\BuildLiteBehavior [ RunTime:0.000008s ]
INFO: [ app_init ] --END-- [ RunTime:0.000449s ]
INFO: [ app_begin ] --START--
INFO: Run Behavior\ReadHtmlCacheBehavior [ RunTime:0.000864s ]
INFO: [ app_begin ] --END-- [ RunTime:0.000896s ]

[ 2018-08-07T09:33:01+08:00 ] ::1 /index.php/Home/Index/index
INFO: [ app_init ] --START--
INFO: Run Behavior\BuildLiteBehavior [ RunTime:0.000008s ]
INFO: [ app_init ] --END-- [ RunTime:0.000436s ]
INFO: [ app_begin ] --START--
INFO: Run Behavior\ReadHtmlCacheBehavior [ RunTime:0.000616s ]
INFO: [ app_begin ] --END-- [ RunTime:0.000641s ]

[ 2018-08-07T09:34:45+08:00 ] ::1 /index.php/Home/Index/index
INFO: [ app_init ] --START--
INFO: Run Behavior\BuildLiteBehavior [ RunTime:0.000007s ]
INFO: [ app_init ] --END-- [ RunTime:0.000372s ]
INFO: [ app_begin ] --START--
INFO: Run Behavior\ReadHtmlCacheBehavior [ RunTime:0.000650s ]
INFO: [ app_begin ] --END-- [ RunTime:0.000687s ]
ERR: SQLSTATE[HY000] [2006] MySQL server has gone away

[ 2018-08-07T09:35:45+08:00 ] ::1 /Home/Index/index
INFO: [ app_init ] --START--
INFO: Run Behavior\BuildLiteBehavior [ RunTime:0.000008s ]
INFO: [ app_init ] --END-- [ RunTime:0.000369s ]
INFO: [ app_begin ] --START--
INFO: Run Behavior\ReadHtmlCacheBehavior [ RunTime:0.000551s ]
INFO: [ app_begin ] --END-- [ RunTime:0.000575s ]
ERR: SQLSTATE[HY000] [2006] MySQL server has gone away

[ 2018-08-07T09:35:52+08:00 ] ::1 /Home/Index/index
INFO: [ app_init ] --START--
INFO: Run Behavior\BuildLiteBehavior [ RunTime:0.000007s ]
INFO: [ app_init ] --END-- [ RunTime:0.000362s ]
INFO: [ app_begin ] --START--
INFO: Run Behavior\ReadHtmlCacheBehavior [ RunTime:0.000475s ]
INFO: [ app_begin ] --END-- [ RunTime:0.000498s ]
SQL: SHOW COLUMNS FROM `www_blog_class` [ RunTime:0.0016s ]
SQL: SELECT * FROM `www_blog_class`  [ RunTime:0.0003s ]
SQL: SHOW COLUMNS FROM `www_blog_article` [ RunTime:0.0006s ]
SQL: SELECT COUNT(*) AS tp_count FROM `www_blog_article` LIMIT 1   [ RunTime:0.0001s ]
ERR: Think\Controller:getpage方法不存在！

[ 2018-08-07T09:36:00+08:00 ] ::1 /Home/Index/index
INFO: [ app_init ] --START--
INFO: Run Behavior\BuildLiteBehavior [ RunTime:0.000009s ]
INFO: [ app_init ] --END-- [ RunTime:0.000394s ]
INFO: [ app_begin ] --START--
INFO: Run Behavior\ReadHtmlCacheBehavior [ RunTime:0.000573s ]
INFO: [ app_begin ] --END-- [ RunTime:0.000600s ]
SQL: SHOW COLUMNS FROM `www_blog_class` [ RunTime:0.0006s ]
SQL: SELECT * FROM `www_blog_class`  [ RunTime:0.0003s ]
SQL: SHOW COLUMNS FROM `www_blog_article` [ RunTime:0.0005s ]
SQL: SELECT COUNT(*) AS tp_count FROM `www_blog_article` LIMIT 1   [ RunTime:0.0002s ]
ERR: Think\Controller:getpage方法不存在！

[ 2018-08-07T09:37:38+08:00 ] ::1 /Home/Index/index
INFO: [ app_init ] --START--
INFO: Run Behavior\BuildLiteBehavior [ RunTime:0.000008s ]
INFO: [ app_init ] --END-- [ RunTime:0.000387s ]
INFO: [ app_begin ] --START--
INFO: Run Behavior\ReadHtmlCacheBehavior [ RunTime:0.000576s ]
INFO: [ app_begin ] --END-- [ RunTime:0.000603s ]
SQL: SHOW COLUMNS FROM `www_blog_class` [ RunTime:0.0007s ]
SQL: SELECT * FROM `www_blog_class`  [ RunTime:0.0003s ]
SQL: SHOW COLUMNS FROM `www_blog_article` [ RunTime:0.0005s ]
SQL: SELECT COUNT(*) AS tp_count FROM `www_blog_article` LIMIT 1   [ RunTime:0.0002s ]
ERR: Think\Controller:getpage方法不存在！

[ 2018-08-07T09:37:39+08:00 ] ::1 /Home/Index/index
INFO: [ app_init ] --START--
INFO: Run Behavior\BuildLiteBehavior [ RunTime:0.000007s ]
INFO: [ app_init ] --END-- [ RunTime:0.000335s ]
INFO: [ app_begin ] --START--
INFO: Run Behavior\ReadHtmlCacheBehavior [ RunTime:0.000468s ]
INFO: [ app_begin ] --END-- [ RunTime:0.000490s ]
SQL: SHOW COLUMNS FROM `www_blog_class` [ RunTime:0.0007s ]
SQL: SELECT * FROM `www_blog_class`  [ RunTime:0.0002s ]
SQL: SHOW COLUMNS FROM `www_blog_article` [ RunTime:0.0004s ]
SQL: SELECT COUNT(*) AS tp_count FROM `www_blog_article` LIMIT 1   [ RunTime:0.0001s ]
ERR: Think\Controller:getpage方法不存在！

[ 2018-08-07T09:37:39+08:00 ] ::1 /Home/Index/index
INFO: [ app_init ] --START--
INFO: Run Behavior\BuildLiteBehavior [ RunTime:0.000008s ]
INFO: [ app_init ] --END-- [ RunTime:0.000358s ]
INFO: [ app_begin ] --START--
INFO: Run Behavior\ReadHtmlCacheBehavior [ RunTime:0.000524s ]
INFO: [ app_begin ] --END-- [ RunTime:0.000550s ]
SQL: SHOW COLUMNS FROM `www_blog_class` [ RunTime:0.0006s ]
SQL: SELECT * FROM `www_blog_class`  [ RunTime:0.0002s ]
SQL: SHOW COLUMNS FROM `www_blog_article` [ RunTime:0.0004s ]
SQL: SELECT COUNT(*) AS tp_count FROM `www_blog_article` LIMIT 1   [ RunTime:0.0001s ]
ERR: Think\Controller:getpage方法不存在！

[ 2018-08-07T09:37:40+08:00 ] ::1 /Home/Index/index
INFO: [ app_init ] --START--
INFO: Run Behavior\BuildLiteBehavior [ RunTime:0.000007s ]
INFO: [ app_init ] --END-- [ RunTime:0.000353s ]
INFO: [ app_begin ] --START--
INFO: Run Behavior\ReadHtmlCacheBehavior [ RunTime:0.000473s ]
INFO: [ app_begin ] --END-- [ RunTime:0.000497s ]
SQL: SHOW COLUMNS FROM `www_blog_class` [ RunTime:0.0005s ]
SQL: SELECT * FROM `www_blog_class`  [ RunTime:0.0002s ]
SQL: SHOW COLUMNS FROM `www_blog_article` [ RunTime:0.0004s ]
SQL: SELECT COUNT(*) AS tp_count FROM `www_blog_article` LIMIT 1   [ RunTime:0.0001s ]
ERR: Think\Controller:getpage方法不存在！

[ 2018-08-07T09:37:55+08:00 ] ::1 /Home/Index/index
INFO: [ app_init ] --START--
INFO: Run Behavior\BuildLiteBehavior [ RunTime:0.000008s ]
INFO: [ app_init ] --END-- [ RunTime:0.000341s ]
INFO: [ app_begin ] --START--
INFO: Run Behavior\ReadHtmlCacheBehavior [ RunTime:0.000478s ]
INFO: [ app_begin ] --END-- [ RunTime:0.000502s ]
SQL: SHOW COLUMNS FROM `www_blog_class` [ RunTime:0.0006s ]
SQL: SELECT * FROM `www_blog_class`  [ RunTime:0.0003s ]
SQL: SHOW COLUMNS FROM `www_blog_article` [ RunTime:0.0005s ]
SQL: SELECT COUNT(*) AS tp_count FROM `www_blog_article` LIMIT 1   [ RunTime:0.0001s ]
SQL: SELECT * FROM `www_blog_article` LIMIT 0,2   [ RunTime:0.0003s ]
INFO: [ view_parse ] --START--
INFO: [ template_filter ] --START--
INFO: Run Behavior\ContentReplaceBehavior [ RunTime:0.000050s ]
INFO: [ template_filter ] --END-- [ RunTime:0.000080s ]
INFO: Run Behavior\ParseTemplateBehavior [ RunTime:0.007904s ]
INFO: [ view_parse ] --END-- [ RunTime:0.007941s ]
INFO: [ view_filter ] --START--
INFO: Run Behavior\WriteHtmlCacheBehavior [ RunTime:0.000467s ]
INFO: [ view_filter ] --END-- [ RunTime:0.000489s ]
INFO: [ app_end ] --START--
INFO: Run Behavior\ShowPageTraceBehavior [ RunTime:0.000760s ]
INFO: [ app_end ] --END-- [ RunTime:0.000787s ]

[ 2018-08-07T09:37:55+08:00 ] ::1 /Home/Index/images/artwork.png
INFO: [ app_init ] --START--
INFO: Run Behavior\BuildLiteBehavior [ RunTime:0.000009s ]
INFO: [ app_init ] --END-- [ RunTime:0.000385s ]

[ 2018-08-07T09:37:55+08:00 ] ::1 /Home/Index/images/nf.mp3
INFO: [ app_init ] --START--
INFO: Run Behavior\BuildLiteBehavior [ RunTime:0.000010s ]
INFO: [ app_init ] --END-- [ RunTime:0.000413s ]
INFO: [ app_begin ] --START--
INFO: Run Behavior\ReadHtmlCacheBehavior [ RunTime:0.000521s ]
INFO: [ app_begin ] --END-- [ RunTime:0.000553s ]
ERR: 非法操作:images

[ 2018-08-07T09:38:43+08:00 ] ::1 /Home/Index/index
INFO: [ app_init ] --START--
INFO: Run Behavior\BuildLiteBehavior [ RunTime:0.000008s ]
INFO: [ app_init ] --END-- [ RunTime:0.000401s ]
INFO: [ app_begin ] --START--
INFO: Run Behavior\ReadHtmlCacheBehavior [ RunTime:0.000588s ]
INFO: [ app_begin ] --END-- [ RunTime:0.000613s ]
SQL: SHOW COLUMNS FROM `www_blog_class` [ RunTime:0.0007s ]
SQL: SELECT * FROM `www_blog_class`  [ RunTime:0.0002s ]
SQL: SHOW COLUMNS FROM `www_blog_article` [ RunTime:0.0005s ]
SQL: SELECT COUNT(*) AS tp_count FROM `www_blog_article` LIMIT 1   [ RunTime:0.0002s ]
ERR: Think\Controller:getpage方法不存在！

[ 2018-08-07T09:38:45+08:00 ] ::1 /Home/Index/index
INFO: [ app_init ] --START--
INFO: Run Behavior\BuildLiteBehavior [ RunTime:0.000058s ]
INFO: [ app_init ] --END-- [ RunTime:0.000388s ]
INFO: [ app_begin ] --START--
INFO: Run Behavior\ReadHtmlCacheBehavior [ RunTime:0.000486s ]
INFO: [ app_begin ] --END-- [ RunTime:0.000511s ]
SQL: SHOW COLUMNS FROM `www_blog_class` [ RunTime:0.0010s ]
SQL: SELECT * FROM `www_blog_class`  [ RunTime:0.0003s ]
SQL: SHOW COLUMNS FROM `www_blog_article` [ RunTime:0.0006s ]
SQL: SELECT COUNT(*) AS tp_count FROM `www_blog_article` LIMIT 1   [ RunTime:0.0002s ]
ERR: Think\Controller:getpage方法不存在！

[ 2018-08-07T09:38:45+08:00 ] ::1 /Home/Index/index
INFO: [ app_init ] --START--
INFO: Run Behavior\BuildLiteBehavior [ RunTime:0.000009s ]
INFO: [ app_init ] --END-- [ RunTime:0.000360s ]
INFO: [ app_begin ] --START--
INFO: Run Behavior\ReadHtmlCacheBehavior [ RunTime:0.000516s ]
INFO: [ app_begin ] --END-- [ RunTime:0.000545s ]
SQL: SHOW COLUMNS FROM `www_blog_class` [ RunTime:0.0006s ]
SQL: SELECT * FROM `www_blog_class`  [ RunTime:0.0002s ]
SQL: SHOW COLUMNS FROM `www_blog_article` [ RunTime:0.0005s ]
SQL: SELECT COUNT(*) AS tp_count FROM `www_blog_article` LIMIT 1   [ RunTime:0.0002s ]
ERR: Think\Controller:getpage方法不存在！

[ 2018-08-07T09:38:45+08:00 ] ::1 /Home/Index/index
INFO: [ app_init ] --START--
INFO: Run Behavior\BuildLiteBehavior [ RunTime:0.000060s ]
INFO: [ app_init ] --END-- [ RunTime:0.000624s ]
INFO: [ app_begin ] --START--
INFO: Run Behavior\ReadHtmlCacheBehavior [ RunTime:0.000757s ]
INFO: [ app_begin ] --END-- [ RunTime:0.000798s ]
SQL: SHOW COLUMNS FROM `www_blog_class` [ RunTime:0.0006s ]
SQL: SELECT * FROM `www_blog_class`  [ RunTime:0.0002s ]
SQL: SHOW COLUMNS FROM `www_blog_article` [ RunTime:0.0004s ]
SQL: SELECT COUNT(*) AS tp_count FROM `www_blog_article` LIMIT 1   [ RunTime:0.0001s ]
ERR: Think\Controller:getpage方法不存在！

[ 2018-08-07T09:38:46+08:00 ] ::1 /Home/Index/index
INFO: [ app_init ] --START--
INFO: Run Behavior\BuildLiteBehavior [ RunTime:0.000008s ]
INFO: [ app_init ] --END-- [ RunTime:0.000346s ]
INFO: [ app_begin ] --START--
INFO: Run Behavior\ReadHtmlCacheBehavior [ RunTime:0.000479s ]
INFO: [ app_begin ] --END-- [ RunTime:0.000504s ]
SQL: SHOW COLUMNS FROM `www_blog_class` [ RunTime:0.0006s ]
SQL: SELECT * FROM `www_blog_class`  [ RunTime:0.0002s ]
SQL: SHOW COLUMNS FROM `www_blog_article` [ RunTime:0.0008s ]
SQL: SELECT COUNT(*) AS tp_count FROM `www_blog_article` LIMIT 1   [ RunTime:0.0003s ]
ERR: Think\Controller:getpage方法不存在！

[ 2018-08-07T09:38:46+08:00 ] ::1 /Home/Index/index
INFO: [ app_init ] --START--
INFO: Run Behavior\BuildLiteBehavior [ RunTime:0.000008s ]
INFO: [ app_init ] --END-- [ RunTime:0.000338s ]
INFO: [ app_begin ] --START--
INFO: Run Behavior\ReadHtmlCacheBehavior [ RunTime:0.000464s ]
INFO: [ app_begin ] --END-- [ RunTime:0.000488s ]
SQL: SHOW COLUMNS FROM `www_blog_class` [ RunTime:0.0005s ]
SQL: SELECT * FROM `www_blog_class`  [ RunTime:0.0002s ]
SQL: SHOW COLUMNS FROM `www_blog_article` [ RunTime:0.0005s ]
SQL: SELECT COUNT(*) AS tp_count FROM `www_blog_article` LIMIT 1   [ RunTime:0.0001s ]
ERR: Think\Controller:getpage方法不存在！

[ 2018-08-07T09:41:03+08:00 ] ::1 /Home/Index/index
INFO: [ app_init ] --START--
INFO: Run Behavior\BuildLiteBehavior [ RunTime:0.000007s ]
INFO: [ app_init ] --END-- [ RunTime:0.000383s ]
INFO: [ app_begin ] --START--
INFO: Run Behavior\ReadHtmlCacheBehavior [ RunTime:0.000561s ]
INFO: [ app_begin ] --END-- [ RunTime:0.000586s ]
SQL: SHOW COLUMNS FROM `www_blog_class` [ RunTime:0.0006s ]
SQL: SELECT * FROM `www_blog_class`  [ RunTime:0.0002s ]
SQL: SHOW COLUMNS FROM `www_blog_article` [ RunTime:0.0004s ]
SQL: SELECT COUNT(*) AS tp_count FROM `www_blog_article` LIMIT 1   [ RunTime:0.0001s ]
ERR: Think\Controller:getpage方法不存在！

[ 2018-08-07T09:41:04+08:00 ] ::1 /Home/Index/index
INFO: [ app_init ] --START--
INFO: Run Behavior\BuildLiteBehavior [ RunTime:0.000058s ]
INFO: [ app_init ] --END-- [ RunTime:0.000627s ]
INFO: [ app_begin ] --START--
INFO: Run Behavior\ReadHtmlCacheBehavior [ RunTime:0.000513s ]
INFO: [ app_begin ] --END-- [ RunTime:0.000542s ]
SQL: SHOW COLUMNS FROM `www_blog_class` [ RunTime:0.0006s ]
SQL: SELECT * FROM `www_blog_class`  [ RunTime:0.0002s ]
SQL: SHOW COLUMNS FROM `www_blog_article` [ RunTime:0.0004s ]
SQL: SELECT COUNT(*) AS tp_count FROM `www_blog_article` LIMIT 1   [ RunTime:0.0001s ]
ERR: Think\Controller:getpage方法不存在！

[ 2018-08-07T09:41:04+08:00 ] ::1 /Home/Index/index
INFO: [ app_init ] --START--
INFO: Run Behavior\BuildLiteBehavior [ RunTime:0.000008s ]
INFO: [ app_init ] --END-- [ RunTime:0.000353s ]
INFO: [ app_begin ] --START--
INFO: Run Behavior\ReadHtmlCacheBehavior [ RunTime:0.000500s ]
INFO: [ app_begin ] --END-- [ RunTime:0.000525s ]
SQL: SHOW COLUMNS FROM `www_blog_class` [ RunTime:0.0006s ]
SQL: SELECT * FROM `www_blog_class`  [ RunTime:0.0003s ]
SQL: SHOW COLUMNS FROM `www_blog_article` [ RunTime:0.0004s ]
SQL: SELECT COUNT(*) AS tp_count FROM `www_blog_article` LIMIT 1   [ RunTime:0.0001s ]
ERR: Think\Controller:getpage方法不存在！

[ 2018-08-07T09:41:05+08:00 ] ::1 /Home/Index/index
INFO: [ app_init ] --START--
INFO: Run Behavior\BuildLiteBehavior [ RunTime:0.000009s ]
INFO: [ app_init ] --END-- [ RunTime:0.000464s ]
INFO: [ app_begin ] --START--
INFO: Run Behavior\ReadHtmlCacheBehavior [ RunTime:0.000595s ]
INFO: [ app_begin ] --END-- [ RunTime:0.000630s ]
SQL: SHOW COLUMNS FROM `www_blog_class` [ RunTime:0.0005s ]
SQL: SELECT * FROM `www_blog_class`  [ RunTime:0.0002s ]
SQL: SHOW COLUMNS FROM `www_blog_article` [ RunTime:0.0004s ]
SQL: SELECT COUNT(*) AS tp_count FROM `www_blog_article` LIMIT 1   [ RunTime:0.0002s ]
ERR: Think\Controller:getpage方法不存在！

[ 2018-08-07T09:41:05+08:00 ] ::1 /Home/Index/index
INFO: [ app_init ] --START--
INFO: Run Behavior\BuildLiteBehavior [ RunTime:0.000008s ]
INFO: [ app_init ] --END-- [ RunTime:0.000397s ]
INFO: [ app_begin ] --START--
INFO: Run Behavior\ReadHtmlCacheBehavior [ RunTime:0.000483s ]
INFO: [ app_begin ] --END-- [ RunTime:0.000542s ]
SQL: SHOW COLUMNS FROM `www_blog_class` [ RunTime:0.0006s ]
SQL: SELECT * FROM `www_blog_class`  [ RunTime:0.0002s ]
SQL: SHOW COLUMNS FROM `www_blog_article` [ RunTime:0.0004s ]
SQL: SELECT COUNT(*) AS tp_count FROM `www_blog_article` LIMIT 1   [ RunTime:0.0001s ]
ERR: Think\Controller:getpage方法不存在！

[ 2018-08-07T09:41:05+08:00 ] ::1 /Home/Index/index
INFO: [ app_init ] --START--
INFO: Run Behavior\BuildLiteBehavior [ RunTime:0.000008s ]
INFO: [ app_init ] --END-- [ RunTime:0.000342s ]
INFO: [ app_begin ] --START--
INFO: Run Behavior\ReadHtmlCacheBehavior [ RunTime:0.000471s ]
INFO: [ app_begin ] --END-- [ RunTime:0.000495s ]
SQL: SHOW COLUMNS FROM `www_blog_class` [ RunTime:0.0005s ]
SQL: SELECT * FROM `www_blog_class`  [ RunTime:0.0002s ]
SQL: SHOW COLUMNS FROM `www_blog_article` [ RunTime:0.0004s ]
SQL: SELECT COUNT(*) AS tp_count FROM `www_blog_article` LIMIT 1   [ RunTime:0.0001s ]
ERR: Think\Controller:getpage方法不存在！

[ 2018-08-07T09:41:05+08:00 ] ::1 /Home/Index/index
INFO: [ app_init ] --START--
INFO: Run Behavior\BuildLiteBehavior [ RunTime:0.000028s ]
INFO: [ app_init ] --END-- [ RunTime:0.000530s ]
INFO: [ app_begin ] --START--
INFO: Run Behavior\ReadHtmlCacheBehavior [ RunTime:0.000535s ]
INFO: [ app_begin ] --END-- [ RunTime:0.000566s ]
SQL: SHOW COLUMNS FROM `www_blog_class` [ RunTime:0.0005s ]
SQL: SELECT * FROM `www_blog_class`  [ RunTime:0.0002s ]
SQL: SHOW COLUMNS FROM `www_blog_article` [ RunTime:0.0004s ]
SQL: SELECT COUNT(*) AS tp_count FROM `www_blog_article` LIMIT 1   [ RunTime:0.0002s ]
ERR: Think\Controller:getpage方法不存在！

[ 2018-08-07T09:46:30+08:00 ] ::1 /Home/Index/index
INFO: [ app_init ] --START--
INFO: Run Behavior\BuildLiteBehavior [ RunTime:0.000007s ]
INFO: [ app_init ] --END-- [ RunTime:0.000377s ]
INFO: [ app_begin ] --START--
INFO: Run Behavior\ReadHtmlCacheBehavior [ RunTime:0.000563s ]
INFO: [ app_begin ] --END-- [ RunTime:0.000587s ]
SQL: SHOW COLUMNS FROM `www_blog_class` [ RunTime:0.0006s ]
SQL: SELECT * FROM `www_blog_class`  [ RunTime:0.0002s ]
SQL: SHOW COLUMNS FROM `www_blog_article` [ RunTime:0.0004s ]
SQL: SELECT COUNT(*) AS tp_count FROM `www_blog_article` LIMIT 1   [ RunTime:0.0001s ]
ERR: Think\Controller:getpage方法不存在！

[ 2018-08-07T09:46:56+08:00 ] ::1 /Home/Index/index
INFO: [ app_init ] --START--
INFO: Run Behavior\BuildLiteBehavior [ RunTime:0.000007s ]
INFO: [ app_init ] --END-- [ RunTime:0.000343s ]
INFO: [ app_begin ] --START--
INFO: Run Behavior\ReadHtmlCacheBehavior [ RunTime:0.000557s ]
INFO: [ app_begin ] --END-- [ RunTime:0.000583s ]
SQL: SHOW COLUMNS FROM `www_blog_class` [ RunTime:0.0006s ]
SQL: SELECT * FROM `www_blog_class`  [ RunTime:0.0002s ]
SQL: SHOW COLUMNS FROM `www_blog_article` [ RunTime:0.0004s ]
SQL: SELECT COUNT(*) AS tp_count FROM `www_blog_article` LIMIT 1   [ RunTime:0.0001s ]
SQL: SELECT * FROM `www_blog_article` LIMIT 0,2   [ RunTime:0.0003s ]
INFO: [ view_parse ] --START--
INFO: [ template_filter ] --START--
INFO: Run Behavior\ContentReplaceBehavior [ RunTime:0.000050s ]
INFO: [ template_filter ] --END-- [ RunTime:0.000078s ]
INFO: Run Behavior\ParseTemplateBehavior [ RunTime:0.008067s ]
INFO: [ view_parse ] --END-- [ RunTime:0.008104s ]
INFO: [ view_filter ] --START--
INFO: Run Behavior\WriteHtmlCacheBehavior [ RunTime:0.000460s ]
INFO: [ view_filter ] --END-- [ RunTime:0.000480s ]
INFO: [ app_end ] --START--
INFO: Run Behavior\ShowPageTraceBehavior [ RunTime:0.000672s ]
INFO: [ app_end ] --END-- [ RunTime:0.000700s ]

[ 2018-08-07T09:46:56+08:00 ] ::1 /Home/Index/images/artwork.png
INFO: [ app_init ] --START--
INFO: Run Behavior\BuildLiteBehavior [ RunTime:0.000008s ]
INFO: [ app_init ] --END-- [ RunTime:0.000371s ]

[ 2018-08-07T09:46:56+08:00 ] ::1 /Home/Index/images/nf.mp3
INFO: [ app_init ] --START--
INFO: Run Behavior\BuildLiteBehavior [ RunTime:0.000010s ]
INFO: [ app_init ] --END-- [ RunTime:0.000486s ]
INFO: [ app_begin ] --START--
INFO: Run Behavior\ReadHtmlCacheBehavior [ RunTime:0.000711s ]
INFO: [ app_begin ] --END-- [ RunTime:0.000757s ]
ERR: 非法操作:images

[ 2018-08-07T09:47:22+08:00 ] ::1 /Home/Index/index
INFO: [ app_init ] --START--
INFO: Run Behavior\BuildLiteBehavior [ RunTime:0.000007s ]
INFO: [ app_init ] --END-- [ RunTime:0.000378s ]
INFO: [ app_begin ] --START--
INFO: Run Behavior\ReadHtmlCacheBehavior [ RunTime:0.000611s ]
INFO: [ app_begin ] --END-- [ RunTime:0.000640s ]
SQL: SHOW COLUMNS FROM `www_blog_class` [ RunTime:0.0006s ]
SQL: SELECT * FROM `www_blog_class`  [ RunTime:0.0002s ]
SQL: SHOW COLUMNS FROM `www_blog_article` [ RunTime:0.0004s ]
SQL: SELECT COUNT(*) AS tp_count FROM `www_blog_article` LIMIT 1   [ RunTime:0.0001s ]
SQL: SELECT * FROM `www_blog_article` LIMIT 0,5   [ RunTime:0.0003s ]
INFO: [ view_parse ] --START--
INFO: [ template_filter ] --START--
INFO: Run Behavior\ContentReplaceBehavior [ RunTime:0.000046s ]
INFO: [ template_filter ] --END-- [ RunTime:0.000073s ]
INFO: Run Behavior\ParseTemplateBehavior [ RunTime:0.007614s ]
INFO: [ view_parse ] --END-- [ RunTime:0.007650s ]
INFO: [ view_filter ] --START--
INFO: Run Behavior\WriteHtmlCacheBehavior [ RunTime:0.000498s ]
INFO: [ view_filter ] --END-- [ RunTime:0.000518s ]
INFO: [ app_end ] --START--
INFO: Run Behavior\ShowPageTraceBehavior [ RunTime:0.000674s ]
INFO: [ app_end ] --END-- [ RunTime:0.000699s ]

[ 2018-08-07T09:47:22+08:00 ] ::1 /Home/Index/images/artwork.png
INFO: [ app_init ] --START--
INFO: Run Behavior\BuildLiteBehavior [ RunTime:0.000008s ]
INFO: [ app_init ] --END-- [ RunTime:0.000352s ]

[ 2018-08-07T09:47:22+08:00 ] ::1 /Home/Index/images/nf.mp3
INFO: [ app_init ] --START--
INFO: Run Behavior\BuildLiteBehavior [ RunTime:0.000007s ]
INFO: [ app_init ] --END-- [ RunTime:0.000336s ]
INFO: [ app_begin ] --START--
INFO: Run Behavior\ReadHtmlCacheBehavior [ RunTime:0.000849s ]
INFO: [ app_begin ] --END-- [ RunTime:0.000889s ]
ERR: 非法操作:images

[ 2018-08-07T09:47:32+08:00 ] ::1 /index.php/Home/Index/index/p/2.html
INFO: [ app_init ] --START--
INFO: Run Behavior\BuildLiteBehavior [ RunTime:0.000009s ]
INFO: [ app_init ] --END-- [ RunTime:0.000651s ]
INFO: [ app_begin ] --START--
INFO: Run Behavior\ReadHtmlCacheBehavior [ RunTime:0.000569s ]
INFO: [ app_begin ] --END-- [ RunTime:0.000592s ]
SQL: SHOW COLUMNS FROM `www_blog_class` [ RunTime:0.0005s ]
SQL: SELECT * FROM `www_blog_class`  [ RunTime:0.0002s ]
SQL: SHOW COLUMNS FROM `www_blog_article` [ RunTime:0.0004s ]
SQL: SELECT COUNT(*) AS tp_count FROM `www_blog_article` LIMIT 1   [ RunTime:0.0001s ]
SQL: SELECT * FROM `www_blog_article` LIMIT 5,5   [ RunTime:0.0005s ]
INFO: [ view_parse ] --START--
INFO: [ template_filter ] --START--
INFO: Run Behavior\ContentReplaceBehavior [ RunTime:0.000047s ]
INFO: [ template_filter ] --END-- [ RunTime:0.000075s ]
INFO: Run Behavior\ParseTemplateBehavior [ RunTime:0.006940s ]
INFO: [ view_parse ] --END-- [ RunTime:0.006977s ]
INFO: [ view_filter ] --START--
INFO: Run Behavior\WriteHtmlCacheBehavior [ RunTime:0.000465s ]
INFO: [ view_filter ] --END-- [ RunTime:0.000485s ]
INFO: [ app_end ] --START--
INFO: Run Behavior\ShowPageTraceBehavior [ RunTime:0.000761s ]
INFO: [ app_end ] --END-- [ RunTime:0.000796s ]

[ 2018-08-07T09:47:32+08:00 ] ::1 /index.php/Home/Public/wap/images/01.jpg
INFO: [ app_init ] --START--
INFO: Run Behavior\BuildLiteBehavior [ RunTime:0.000008s ]
INFO: [ app_init ] --END-- [ RunTime:0.000371s ]

[ 2018-08-07T09:47:32+08:00 ] ::1 /index.php/Home/Public/wap/images/s8.jpg
INFO: [ app_init ] --START--
INFO: Run Behavior\BuildLiteBehavior [ RunTime:0.000008s ]
INFO: [ app_init ] --END-- [ RunTime:0.000399s ]

[ 2018-08-07T09:47:32+08:00 ] ::1 /index.php/Home/Public/wap/images/s6.jpg
INFO: [ app_init ] --START--
INFO: Run Behavior\BuildLiteBehavior [ RunTime:0.000009s ]
INFO: [ app_init ] --END-- [ RunTime:0.000682s ]

[ 2018-08-07T09:47:32+08:00 ] ::1 /index.php/Home/Public/wap/images/s7.jpg
INFO: [ app_init ] --START--
INFO: Run Behavior\BuildLiteBehavior [ RunTime:0.000010s ]
INFO: [ app_init ] --END-- [ RunTime:0.000495s ]

[ 2018-08-07T09:47:32+08:00 ] ::1 /index.php/Home/Public/wap/images/06.jpg
INFO: [ app_init ] --START--
INFO: Run Behavior\BuildLiteBehavior [ RunTime:0.000009s ]
INFO: [ app_init ] --END-- [ RunTime:0.000354s ]

[ 2018-08-07T09:47:32+08:00 ] ::1 /index.php/Home/Public/wap/images/05.jpg
INFO: [ app_init ] --START--
INFO: Run Behavior\BuildLiteBehavior [ RunTime:0.000009s ]
INFO: [ app_init ] --END-- [ RunTime:0.000464s ]

[ 2018-08-07T09:47:32+08:00 ] ::1 /index.php/Home/Public/wap/images/03.jpg
INFO: [ app_init ] --START--
INFO: Run Behavior\BuildLiteBehavior [ RunTime:0.000009s ]
INFO: [ app_init ] --END-- [ RunTime:0.001553s ]

[ 2018-08-07T09:47:32+08:00 ] ::1 /index.php/Home/Public/wap/images/04.jpg
INFO: [ app_init ] --START--
INFO: Run Behavior\BuildLiteBehavior [ RunTime:0.001321s ]
INFO: [ app_init ] --END-- [ RunTime:0.002890s ]

[ 2018-08-07T09:47:32+08:00 ] ::1 /index.php/Home/Public/wap/images/08.jpg
INFO: [ app_init ] --START--
INFO: Run Behavior\BuildLiteBehavior [ RunTime:0.000008s ]
INFO: [ app_init ] --END-- [ RunTime:0.000368s ]

[ 2018-08-07T09:47:32+08:00 ] ::1 /index.php/Home/Index/index/p/images/artwork.png
INFO: [ app_init ] --START--
INFO: Run Behavior\BuildLiteBehavior [ RunTime:0.000008s ]
INFO: [ app_init ] --END-- [ RunTime:0.000364s ]

[ 2018-08-07T09:47:32+08:00 ] ::1 /index.php/Home/Public/wap/images/07.jpg
INFO: [ app_init ] --START--
INFO: Run Behavior\BuildLiteBehavior [ RunTime:0.000008s ]
INFO: [ app_init ] --END-- [ RunTime:0.000356s ]

[ 2018-08-07T09:47:32+08:00 ] ::1 /index.php/Home/Index/index/p/images/nf.mp3
INFO: [ app_init ] --START--
INFO: Run Behavior\BuildLiteBehavior [ RunTime:0.000009s ]
INFO: [ app_init ] --END-- [ RunTime:0.000356s ]
INFO: [ app_begin ] --START--
INFO: Run Behavior\ReadHtmlCacheBehavior [ RunTime:0.000593s ]
INFO: [ app_begin ] --END-- [ RunTime:0.000624s ]
SQL: SHOW COLUMNS FROM `www_blog_class` [ RunTime:0.0005s ]
SQL: SELECT * FROM `www_blog_class`  [ RunTime:0.0002s ]
SQL: SHOW COLUMNS FROM `www_blog_article` [ RunTime:0.0004s ]
SQL: SELECT COUNT(*) AS tp_count FROM `www_blog_article` LIMIT 1   [ RunTime:0.0002s ]
SQL: SELECT * FROM `www_blog_article` LIMIT 0,5   [ RunTime:0.0003s ]
INFO: [ view_parse ] --START--
INFO: [ template_filter ] --START--
INFO: Run Behavior\ContentReplaceBehavior [ RunTime:0.000064s ]
INFO: [ template_filter ] --END-- [ RunTime:0.000094s ]
INFO: Run Behavior\ParseTemplateBehavior [ RunTime:0.008483s ]
INFO: [ view_parse ] --END-- [ RunTime:0.008520s ]
INFO: [ view_filter ] --START--
INFO: Run Behavior\WriteHtmlCacheBehavior [ RunTime:0.000449s ]
INFO: [ view_filter ] --END-- [ RunTime:0.000469s ]
INFO: [ app_end ] --START--
INFO: Run Behavior\ShowPageTraceBehavior [ RunTime:0.000845s ]
INFO: [ app_end ] --END-- [ RunTime:0.000880s ]

[ 2018-08-07T09:47:32+08:00 ] ::1 /index.php/Home/Public/wap/images/09.jpg
INFO: [ app_init ] --START--
INFO: Run Behavior\BuildLiteBehavior [ RunTime:0.000008s ]
INFO: [ app_init ] --END-- [ RunTime:0.000344s ]

[ 2018-08-07T09:47:32+08:00 ] ::1 /index.php/Home/Public/wap/images/02.jpg
INFO: [ app_init ] --START--
INFO: Run Behavior\BuildLiteBehavior [ RunTime:0.000120s ]
INFO: [ app_init ] --END-- [ RunTime:0.000801s ]

[ 2018-08-07T09:47:37+08:00 ] ::1 /index.php/Home/Index/index/p/1.html
INFO: [ app_init ] --START--
INFO: Run Behavior\BuildLiteBehavior [ RunTime:0.000008s ]
INFO: [ app_init ] --END-- [ RunTime:0.000358s ]
INFO: [ app_begin ] --START--
INFO: Run Behavior\ReadHtmlCacheBehavior [ RunTime:0.000535s ]
INFO: [ app_begin ] --END-- [ RunTime:0.000565s ]
SQL: SHOW COLUMNS FROM `www_blog_class` [ RunTime:0.0005s ]
SQL: SELECT * FROM `www_blog_class`  [ RunTime:0.0002s ]
SQL: SHOW COLUMNS FROM `www_blog_article` [ RunTime:0.0004s ]
SQL: SELECT COUNT(*) AS tp_count FROM `www_blog_article` LIMIT 1   [ RunTime:0.0001s ]
SQL: SELECT * FROM `www_blog_article` LIMIT 0,5   [ RunTime:0.0003s ]
INFO: [ view_parse ] --START--
INFO: [ template_filter ] --START--
INFO: Run Behavior\ContentReplaceBehavior [ RunTime:0.000047s ]
INFO: [ template_filter ] --END-- [ RunTime:0.000077s ]
INFO: Run Behavior\ParseTemplateBehavior [ RunTime:0.006865s ]
INFO: [ view_parse ] --END-- [ RunTime:0.006900s ]
INFO: [ view_filter ] --START--
INFO: Run Behavior\WriteHtmlCacheBehavior [ RunTime:0.000488s ]
INFO: [ view_filter ] --END-- [ RunTime:0.000513s ]
INFO: [ app_end ] --START--
INFO: Run Behavior\ShowPageTraceBehavior [ RunTime:0.000963s ]
INFO: [ app_end ] --END-- [ RunTime:0.001208s ]

[ 2018-08-07T09:47:37+08:00 ] ::1 /index.php/Home/Index/index/p/images/artwork.png
INFO: [ app_init ] --START--
INFO: Run Behavior\BuildLiteBehavior [ RunTime:0.000007s ]
INFO: [ app_init ] --END-- [ RunTime:0.000341s ]

[ 2018-08-07T09:47:37+08:00 ] ::1 /index.php/Home/Public/wap/images/s8.jpg
INFO: [ app_init ] --START--
INFO: Run Behavior\BuildLiteBehavior [ RunTime:0.000009s ]
INFO: [ app_init ] --END-- [ RunTime:0.000413s ]

[ 2018-08-07T09:47:37+08:00 ] ::1 /index.php/Home/Public/wap/images/03.jpg
INFO: [ app_init ] --START--
INFO: Run Behavior\BuildLiteBehavior [ RunTime:0.000008s ]
INFO: [ app_init ] --END-- [ RunTime:0.000360s ]

[ 2018-08-07T09:47:37+08:00 ] ::1 /index.php/Home/Public/wap/images/s7.jpg
INFO: [ app_init ] --START--
INFO: Run Behavior\BuildLiteBehavior [ RunTime:0.000010s ]
INFO: [ app_init ] --END-- [ RunTime:0.001792s ]

[ 2018-08-07T09:47:37+08:00 ] ::1 /index.php/Home/Public/wap/images/04.jpg
INFO: [ app_init ] --START--
INFO: Run Behavior\BuildLiteBehavior [ RunTime:0.000011s ]
INFO: [ app_init ] --END-- [ RunTime:0.000383s ]

[ 2018-08-07T09:47:37+08:00 ] ::1 /index.php/Home/Public/wap/images/01.jpg
INFO: [ app_init ] --START--
INFO: Run Behavior\BuildLiteBehavior [ RunTime:0.000009s ]
INFO: [ app_init ] --END-- [ RunTime:0.000382s ]

[ 2018-08-07T09:47:37+08:00 ] ::1 /index.php/Home/Public/wap/images/s6.jpg
INFO: [ app_init ] --START--
INFO: Run Behavior\BuildLiteBehavior [ RunTime:0.000009s ]
INFO: [ app_init ] --END-- [ RunTime:0.000368s ]

[ 2018-08-07T09:47:37+08:00 ] ::1 /index.php/Home/Public/wap/images/09.jpg
INFO: [ app_init ] --START--
INFO: Run Behavior\BuildLiteBehavior [ RunTime:0.000008s ]
INFO: [ app_init ] --END-- [ RunTime:0.000371s ]

[ 2018-08-07T09:47:37+08:00 ] ::1 /index.php/Home/Public/wap/images/07.jpg
INFO: [ app_init ] --START--
INFO: Run Behavior\BuildLiteBehavior [ RunTime:0.000007s ]
INFO: [ app_init ] --END-- [ RunTime:0.000361s ]

[ 2018-08-07T09:47:37+08:00 ] ::1 /index.php/Home/Index/index/p/images/nf.mp3
INFO: [ app_init ] --START--
INFO: Run Behavior\BuildLiteBehavior [ RunTime:0.000008s ]
INFO: [ app_init ] --END-- [ RunTime:0.000355s ]
INFO: [ app_begin ] --START--
INFO: Run Behavior\ReadHtmlCacheBehavior [ RunTime:0.000543s ]
INFO: [ app_begin ] --END-- [ RunTime:0.000574s ]
SQL: SHOW COLUMNS FROM `www_blog_class` [ RunTime:0.0005s ]
SQL: SELECT * FROM `www_blog_class`  [ RunTime:0.0002s ]
SQL: SHOW COLUMNS FROM `www_blog_article` [ RunTime:0.0005s ]
SQL: SELECT COUNT(*) AS tp_count FROM `www_blog_article` LIMIT 1   [ RunTime:0.0001s ]
SQL: SELECT * FROM `www_blog_article` LIMIT 0,5   [ RunTime:0.0004s ]
INFO: [ view_parse ] --START--
INFO: [ template_filter ] --START--
INFO: Run Behavior\ContentReplaceBehavior [ RunTime:0.000047s ]
INFO: [ template_filter ] --END-- [ RunTime:0.000074s ]
INFO: Run Behavior\ParseTemplateBehavior [ RunTime:0.006272s ]
INFO: [ view_parse ] --END-- [ RunTime:0.006309s ]
INFO: [ view_filter ] --START--
INFO: Run Behavior\WriteHtmlCacheBehavior [ RunTime:0.000434s ]
INFO: [ view_filter ] --END-- [ RunTime:0.000457s ]
INFO: [ app_end ] --START--
INFO: Run Behavior\ShowPageTraceBehavior [ RunTime:0.000812s ]
INFO: [ app_end ] --END-- [ RunTime:0.000872s ]

[ 2018-08-07T09:47:37+08:00 ] ::1 /index.php/Home/Public/wap/images/06.jpg
INFO: [ app_init ] --START--
INFO: Run Behavior\BuildLiteBehavior [ RunTime:0.000011s ]
INFO: [ app_init ] --END-- [ RunTime:0.002628s ]

[ 2018-08-07T09:47:38+08:00 ] ::1 /index.php/Home/Public/wap/images/08.jpg
INFO: [ app_init ] --START--
INFO: Run Behavior\BuildLiteBehavior [ RunTime:0.000007s ]
INFO: [ app_init ] --END-- [ RunTime:0.000351s ]

[ 2018-08-07T09:47:38+08:00 ] ::1 /index.php/Home/Public/wap/images/02.jpg
INFO: [ app_init ] --START--
INFO: Run Behavior\BuildLiteBehavior [ RunTime:0.000008s ]
INFO: [ app_init ] --END-- [ RunTime:0.000368s ]

[ 2018-08-07T09:47:38+08:00 ] ::1 /index.php/Home/Public/wap/images/05.jpg
INFO: [ app_init ] --START--
INFO: Run Behavior\BuildLiteBehavior [ RunTime:0.000010s ]
INFO: [ app_init ] --END-- [ RunTime:0.000469s ]

[ 2018-08-07T15:14:47+08:00 ] ::1 /index.php/Home/Index/index/p/2.html
INFO: [ app_init ] --START--
INFO: Run Behavior\BuildLiteBehavior [ RunTime:0.000009s ]
INFO: [ app_init ] --END-- [ RunTime:0.000475s ]
INFO: [ app_begin ] --START--
INFO: Run Behavior\ReadHtmlCacheBehavior [ RunTime:0.000603s ]
INFO: [ app_begin ] --END-- [ RunTime:0.000631s ]
SQL: SHOW COLUMNS FROM `www_blog_class` [ RunTime:0.0010s ]
SQL: SELECT * FROM `www_blog_class`  [ RunTime:0.0003s ]
SQL: SHOW COLUMNS FROM `www_blog_article` [ RunTime:0.0005s ]
SQL: SELECT COUNT(*) AS tp_count FROM `www_blog_article` LIMIT 1   [ RunTime:0.0001s ]
SQL: SELECT * FROM `www_blog_article` LIMIT 5,5   [ RunTime:0.0003s ]
INFO: [ view_parse ] --START--
INFO: [ template_filter ] --START--
INFO: Run Behavior\ContentReplaceBehavior [ RunTime:0.000052s ]
INFO: [ template_filter ] --END-- [ RunTime:0.000085s ]
INFO: Run Behavior\ParseTemplateBehavior [ RunTime:0.010118s ]
INFO: [ view_parse ] --END-- [ RunTime:0.010155s ]
INFO: [ view_filter ] --START--
INFO: Run Behavior\WriteHtmlCacheBehavior [ RunTime:0.000450s ]
INFO: [ view_filter ] --END-- [ RunTime:0.000470s ]
INFO: [ app_end ] --START--
INFO: Run Behavior\ShowPageTraceBehavior [ RunTime:0.000810s ]
INFO: [ app_end ] --END-- [ RunTime:0.000850s ]

[ 2018-08-07T15:14:47+08:00 ] ::1 /index.php/Home/Index/index/p/images/artwork.png
INFO: [ app_init ] --START--
INFO: Run Behavior\BuildLiteBehavior [ RunTime:0.000010s ]
INFO: [ app_init ] --END-- [ RunTime:0.000469s ]

[ 2018-08-07T15:14:47+08:00 ] ::1 /index.php/Home/Public/wap/images/s8.jpg
INFO: [ app_init ] --START--
INFO: Run Behavior\BuildLiteBehavior [ RunTime:0.000007s ]
INFO: [ app_init ] --END-- [ RunTime:0.000343s ]

[ 2018-08-07T15:14:47+08:00 ] ::1 /index.php/Home/Public/wap/images/04.jpg
INFO: [ app_init ] --START--
INFO: Run Behavior\BuildLiteBehavior [ RunTime:0.000009s ]
INFO: [ app_init ] --END-- [ RunTime:0.000431s ]

[ 2018-08-07T15:14:47+08:00 ] ::1 /index.php/Home/Public/wap/images/05.jpg
INFO: [ app_init ] --START--
INFO: Run Behavior\BuildLiteBehavior [ RunTime:0.000007s ]
INFO: [ app_init ] --END-- [ RunTime:0.000349s ]

[ 2018-08-07T15:14:47+08:00 ] ::1 /index.php/Home/Public/wap/images/s6.jpg
INFO: [ app_init ] --START--
INFO: Run Behavior\BuildLiteBehavior [ RunTime:0.000007s ]
INFO: [ app_init ] --END-- [ RunTime:0.000379s ]

[ 2018-08-07T15:14:47+08:00 ] ::1 /index.php/Home/Public/wap/images/07.jpg
INFO: [ app_init ] --START--
INFO: Run Behavior\BuildLiteBehavior [ RunTime:0.000007s ]
INFO: [ app_init ] --END-- [ RunTime:0.000348s ]

[ 2018-08-07T15:14:47+08:00 ] ::1 /index.php/Home/Public/wap/images/06.jpg
INFO: [ app_init ] --START--
INFO: Run Behavior\BuildLiteBehavior [ RunTime:0.000007s ]
INFO: [ app_init ] --END-- [ RunTime:0.000344s ]

[ 2018-08-07T15:14:47+08:00 ] ::1 /index.php/Home/Public/wap/images/08.jpg
INFO: [ app_init ] --START--
INFO: Run Behavior\BuildLiteBehavior [ RunTime:0.000008s ]
INFO: [ app_init ] --END-- [ RunTime:0.000340s ]

[ 2018-08-07T15:14:47+08:00 ] ::1 /index.php/Home/Public/wap/images/01.jpg
INFO: [ app_init ] --START--
INFO: Run Behavior\BuildLiteBehavior [ RunTime:0.000008s ]
INFO: [ app_init ] --END-- [ RunTime:0.000472s ]

[ 2018-08-07T15:14:47+08:00 ] ::1 /index.php/Home/Index/index/p/images/nf.mp3
INFO: [ app_init ] --START--
INFO: Run Behavior\BuildLiteBehavior [ RunTime:0.000008s ]
INFO: [ app_init ] --END-- [ RunTime:0.000366s ]
INFO: [ app_begin ] --START--
INFO: Run Behavior\ReadHtmlCacheBehavior [ RunTime:0.000704s ]
INFO: [ app_begin ] --END-- [ RunTime:0.000731s ]
SQL: SHOW COLUMNS FROM `www_blog_class` [ RunTime:0.0006s ]
SQL: SELECT * FROM `www_blog_class`  [ RunTime:0.0003s ]
SQL: SHOW COLUMNS FROM `www_blog_article` [ RunTime:0.0006s ]
SQL: SELECT COUNT(*) AS tp_count FROM `www_blog_article` LIMIT 1   [ RunTime:0.0002s ]
SQL: SELECT * FROM `www_blog_article` LIMIT 0,5   [ RunTime:0.0005s ]
INFO: [ view_parse ] --START--
INFO: [ template_filter ] --START--
INFO: Run Behavior\ContentReplaceBehavior [ RunTime:0.000047s ]
INFO: [ template_filter ] --END-- [ RunTime:0.000078s ]
INFO: Run Behavior\ParseTemplateBehavior [ RunTime:0.007450s ]
INFO: [ view_parse ] --END-- [ RunTime:0.007483s ]
INFO: [ view_filter ] --START--
INFO: Run Behavior\WriteHtmlCacheBehavior [ RunTime:0.000425s ]
INFO: [ view_filter ] --END-- [ RunTime:0.000444s ]
INFO: [ app_end ] --START--
INFO: Run Behavior\ShowPageTraceBehavior [ RunTime:0.001051s ]
INFO: [ app_end ] --END-- [ RunTime:0.001086s ]

[ 2018-08-07T15:14:47+08:00 ] ::1 /index.php/Home/Public/wap/images/09.jpg
INFO: [ app_init ] --START--
INFO: Run Behavior\BuildLiteBehavior [ RunTime:0.000008s ]
INFO: [ app_init ] --END-- [ RunTime:0.000346s ]

[ 2018-08-07T15:14:47+08:00 ] ::1 /index.php/Home/Public/wap/images/s7.jpg
INFO: [ app_init ] --START--
INFO: Run Behavior\BuildLiteBehavior [ RunTime:0.000008s ]
INFO: [ app_init ] --END-- [ RunTime:0.000597s ]

[ 2018-08-07T15:14:47+08:00 ] ::1 /index.php/Home/Public/wap/images/02.jpg
INFO: [ app_init ] --START--
INFO: Run Behavior\BuildLiteBehavior [ RunTime:0.000009s ]
INFO: [ app_init ] --END-- [ RunTime:0.000441s ]

[ 2018-08-07T15:14:48+08:00 ] ::1 /index.php/Home/Public/wap/images/03.jpg
INFO: [ app_init ] --START--
INFO: Run Behavior\BuildLiteBehavior [ RunTime:0.000011s ]
INFO: [ app_init ] --END-- [ RunTime:0.000951s ]

[ 2018-08-07T15:14:50+08:00 ] ::1 /index.php/Home/Index/index/p/1.html
INFO: [ app_init ] --START--
INFO: Run Behavior\BuildLiteBehavior [ RunTime:0.000009s ]
INFO: [ app_init ] --END-- [ RunTime:0.000433s ]
INFO: [ app_begin ] --START--
INFO: Run Behavior\ReadHtmlCacheBehavior [ RunTime:0.000749s ]
INFO: [ app_begin ] --END-- [ RunTime:0.000777s ]
SQL: SHOW COLUMNS FROM `www_blog_class` [ RunTime:0.0005s ]
SQL: SELECT * FROM `www_blog_class`  [ RunTime:0.0002s ]
SQL: SHOW COLUMNS FROM `www_blog_article` [ RunTime:0.0004s ]
SQL: SELECT COUNT(*) AS tp_count FROM `www_blog_article` LIMIT 1   [ RunTime:0.0001s ]
SQL: SELECT * FROM `www_blog_article` LIMIT 0,5   [ RunTime:0.0003s ]
INFO: [ view_parse ] --START--
INFO: [ template_filter ] --START--
INFO: Run Behavior\ContentReplaceBehavior [ RunTime:0.000051s ]
INFO: [ template_filter ] --END-- [ RunTime:0.000093s ]
INFO: Run Behavior\ParseTemplateBehavior [ RunTime:0.008633s ]
INFO: [ view_parse ] --END-- [ RunTime:0.008684s ]
INFO: [ view_filter ] --START--
INFO: Run Behavior\WriteHtmlCacheBehavior [ RunTime:0.000740s ]
INFO: [ view_filter ] --END-- [ RunTime:0.000783s ]
INFO: [ app_end ] --START--
INFO: Run Behavior\ShowPageTraceBehavior [ RunTime:0.001318s ]
INFO: [ app_end ] --END-- [ RunTime:0.001360s ]

[ 2018-08-07T15:14:51+08:00 ] ::1 /index.php/Home/Index/index/p/images/artwork.png
INFO: [ app_init ] --START--
INFO: Run Behavior\BuildLiteBehavior [ RunTime:0.000008s ]
INFO: [ app_init ] --END-- [ RunTime:0.000378s ]

[ 2018-08-07T15:14:51+08:00 ] ::1 /index.php/Home/Public/wap/images/03.jpg
INFO: [ app_init ] --START--
INFO: Run Behavior\BuildLiteBehavior [ RunTime:0.000008s ]
INFO: [ app_init ] --END-- [ RunTime:0.000341s ]

[ 2018-08-07T15:14:51+08:00 ] ::1 /index.php/Home/Public/wap/images/s8.jpg
INFO: [ app_init ] --START--
INFO: Run Behavior\BuildLiteBehavior [ RunTime:0.000009s ]
INFO: [ app_init ] --END-- [ RunTime:0.000343s ]

[ 2018-08-07T15:14:51+08:00 ] ::1 /index.php/Home/Public/wap/images/s7.jpg
INFO: [ app_init ] --START--
INFO: Run Behavior\BuildLiteBehavior [ RunTime:0.000007s ]
INFO: [ app_init ] --END-- [ RunTime:0.000343s ]

[ 2018-08-07T15:14:51+08:00 ] ::1 /index.php/Home/Public/wap/images/s6.jpg
INFO: [ app_init ] --START--
INFO: Run Behavior\BuildLiteBehavior [ RunTime:0.000008s ]
INFO: [ app_init ] --END-- [ RunTime:0.000758s ]

[ 2018-08-07T15:14:51+08:00 ] ::1 /index.php/Home/Public/wap/images/02.jpg
INFO: [ app_init ] --START--
INFO: Run Behavior\BuildLiteBehavior [ RunTime:0.000010s ]
INFO: [ app_init ] --END-- [ RunTime:0.003659s ]

[ 2018-08-07T15:14:51+08:00 ] ::1 /index.php/Home/Public/wap/images/07.jpg
INFO: [ app_init ] --START--
INFO: Run Behavior\BuildLiteBehavior [ RunTime:0.000008s ]
INFO: [ app_init ] --END-- [ RunTime:0.000552s ]

[ 2018-08-07T15:14:51+08:00 ] ::1 /index.php/Home/Public/wap/images/08.jpg
INFO: [ app_init ] --START--
INFO: Run Behavior\BuildLiteBehavior [ RunTime:0.000009s ]
INFO: [ app_init ] --END-- [ RunTime:0.000575s ]

[ 2018-08-07T15:14:51+08:00 ] ::1 /index.php/Home/Public/wap/images/06.jpg
INFO: [ app_init ] --START--
INFO: Run Behavior\BuildLiteBehavior [ RunTime:0.000007s ]
INFO: [ app_init ] --END-- [ RunTime:0.000804s ]

[ 2018-08-07T15:14:51+08:00 ] ::1 /index.php/Home/Public/wap/images/01.jpg
INFO: [ app_init ] --START--
INFO: Run Behavior\BuildLiteBehavior [ RunTime:0.000009s ]
INFO: [ app_init ] --END-- [ RunTime:0.000393s ]

[ 2018-08-07T15:14:51+08:00 ] ::1 /index.php/Home/Public/wap/images/09.jpg
INFO: [ app_init ] --START--
INFO: Run Behavior\BuildLiteBehavior [ RunTime:0.000012s ]
INFO: [ app_init ] --END-- [ RunTime:0.000378s ]

[ 2018-08-07T15:14:51+08:00 ] ::1 /index.php/Home/Public/wap/images/05.jpg
INFO: [ app_init ] --START--
INFO: Run Behavior\BuildLiteBehavior [ RunTime:0.000007s ]
INFO: [ app_init ] --END-- [ RunTime:0.000340s ]

[ 2018-08-07T15:14:51+08:00 ] ::1 /index.php/Home/Public/wap/images/04.jpg
INFO: [ app_init ] --START--
INFO: Run Behavior\BuildLiteBehavior [ RunTime:0.000007s ]
INFO: [ app_init ] --END-- [ RunTime:0.000416s ]

[ 2018-08-07T15:14:51+08:00 ] ::1 /index.php/Home/Index/index/p/images/nf.mp3
INFO: [ app_init ] --START--
INFO: Run Behavior\BuildLiteBehavior [ RunTime:0.000008s ]
INFO: [ app_init ] --END-- [ RunTime:0.000367s ]
INFO: [ app_begin ] --START--
INFO: Run Behavior\ReadHtmlCacheBehavior [ RunTime:0.000634s ]
INFO: [ app_begin ] --END-- [ RunTime:0.000661s ]
SQL: SHOW COLUMNS FROM `www_blog_class` [ RunTime:0.0005s ]
SQL: SELECT * FROM `www_blog_class`  [ RunTime:0.0003s ]
SQL: SHOW COLUMNS FROM `www_blog_article` [ RunTime:0.0005s ]
SQL: SELECT COUNT(*) AS tp_count FROM `www_blog_article` LIMIT 1   [ RunTime:0.0002s ]
SQL: SELECT * FROM `www_blog_article` LIMIT 0,5   [ RunTime:0.0004s ]
INFO: [ view_parse ] --START--
INFO: [ template_filter ] --START--
INFO: Run Behavior\ContentReplaceBehavior [ RunTime:0.000048s ]
INFO: [ template_filter ] --END-- [ RunTime:0.000078s ]
INFO: Run Behavior\ParseTemplateBehavior [ RunTime:0.007464s ]
INFO: [ view_parse ] --END-- [ RunTime:0.007500s ]
INFO: [ view_filter ] --START--
INFO: Run Behavior\WriteHtmlCacheBehavior [ RunTime:0.000511s ]
INFO: [ view_filter ] --END-- [ RunTime:0.000532s ]
INFO: [ app_end ] --START--
INFO: Run Behavior\ShowPageTraceBehavior [ RunTime:0.000901s ]
INFO: [ app_end ] --END-- [ RunTime:0.000961s ]

[ 2018-08-07T15:14:58+08:00 ] ::1 /home/login/register
INFO: [ app_init ] --START--
INFO: Run Behavior\BuildLiteBehavior [ RunTime:0.000009s ]
INFO: [ app_init ] --END-- [ RunTime:0.000388s ]
INFO: [ app_begin ] --START--
INFO: Run Behavior\ReadHtmlCacheBehavior [ RunTime:0.000480s ]
INFO: [ app_begin ] --END-- [ RunTime:0.000503s ]
INFO: [ view_parse ] --START--
INFO: [ template_filter ] --START--
INFO: Run Behavior\ContentReplaceBehavior [ RunTime:0.000050s ]
INFO: [ template_filter ] --END-- [ RunTime:0.000086s ]
INFO: Run Behavior\ParseTemplateBehavior [ RunTime:0.029303s ]
INFO: [ view_parse ] --END-- [ RunTime:0.029366s ]
INFO: [ view_filter ] --START--
INFO: Run Behavior\WriteHtmlCacheBehavior [ RunTime:0.000476s ]
INFO: [ view_filter ] --END-- [ RunTime:0.000506s ]
INFO: [ app_end ] --START--
INFO: Run Behavior\ShowPageTraceBehavior [ RunTime:0.000648s ]
INFO: [ app_end ] --END-- [ RunTime:0.000670s ]

[ 2018-08-07T15:15:05+08:00 ] ::1 /home/index/index
INFO: [ app_init ] --START--
INFO: Run Behavior\BuildLiteBehavior [ RunTime:0.000011s ]
INFO: [ app_init ] --END-- [ RunTime:0.000477s ]
INFO: [ app_begin ] --START--
INFO: Run Behavior\ReadHtmlCacheBehavior [ RunTime:0.000518s ]
INFO: [ app_begin ] --END-- [ RunTime:0.000548s ]
SQL: SHOW COLUMNS FROM `www_blog_class` [ RunTime:0.0006s ]
SQL: SELECT * FROM `www_blog_class`  [ RunTime:0.0002s ]
SQL: SHOW COLUMNS FROM `www_blog_article` [ RunTime:0.0004s ]
SQL: SELECT COUNT(*) AS tp_count FROM `www_blog_article` LIMIT 1   [ RunTime:0.0001s ]
SQL: SELECT * FROM `www_blog_article` LIMIT 0,5   [ RunTime:0.0003s ]
INFO: [ view_parse ] --START--
INFO: [ template_filter ] --START--
INFO: Run Behavior\ContentReplaceBehavior [ RunTime:0.000046s ]
INFO: [ template_filter ] --END-- [ RunTime:0.000078s ]
INFO: Run Behavior\ParseTemplateBehavior [ RunTime:0.005683s ]
INFO: [ view_parse ] --END-- [ RunTime:0.005715s ]
INFO: [ view_filter ] --START--
INFO: Run Behavior\WriteHtmlCacheBehavior [ RunTime:0.000414s ]
INFO: [ view_filter ] --END-- [ RunTime:0.000434s ]
INFO: [ app_end ] --START--
INFO: Run Behavior\ShowPageTraceBehavior [ RunTime:0.000787s ]
INFO: [ app_end ] --END-- [ RunTime:0.000822s ]

[ 2018-08-07T15:15:05+08:00 ] ::1 /home/index/images/artwork.png
INFO: [ app_init ] --START--
INFO: Run Behavior\BuildLiteBehavior [ RunTime:0.000009s ]
INFO: [ app_init ] --END-- [ RunTime:0.000422s ]

[ 2018-08-07T15:15:05+08:00 ] ::1 /home/index/images/nf.mp3
INFO: [ app_init ] --START--
INFO: Run Behavior\BuildLiteBehavior [ RunTime:0.000009s ]
INFO: [ app_init ] --END-- [ RunTime:0.000359s ]
INFO: [ app_begin ] --START--
INFO: Run Behavior\ReadHtmlCacheBehavior [ RunTime:0.000522s ]
INFO: [ app_begin ] --END-- [ RunTime:0.000551s ]
ERR: 非法操作:images

[ 2018-08-07T15:15:06+08:00 ] ::1 /home/login/login
INFO: [ app_init ] --START--
INFO: Run Behavior\BuildLiteBehavior [ RunTime:0.000013s ]
INFO: [ app_init ] --END-- [ RunTime:0.000345s ]
INFO: [ app_begin ] --START--
INFO: Run Behavior\ReadHtmlCacheBehavior [ RunTime:0.000596s ]
INFO: [ app_begin ] --END-- [ RunTime:0.000633s ]
INFO: [ view_parse ] --START--
INFO: [ template_filter ] --START--
INFO: Run Behavior\ContentReplaceBehavior [ RunTime:0.000024s ]
INFO: [ template_filter ] --END-- [ RunTime:0.000054s ]
INFO: Run Behavior\ParseTemplateBehavior [ RunTime:0.023702s ]
INFO: [ view_parse ] --END-- [ RunTime:0.023751s ]
INFO: [ view_filter ] --START--
INFO: Run Behavior\WriteHtmlCacheBehavior [ RunTime:0.000622s ]
INFO: [ view_filter ] --END-- [ RunTime:0.000649s ]
INFO: [ app_end ] --START--
INFO: Run Behavior\ShowPageTraceBehavior [ RunTime:0.000532s ]
INFO: [ app_end ] --END-- [ RunTime:0.000552s ]

[ 2018-08-07T15:15:07+08:00 ] ::1 /index.php/Home/login/verify.html
INFO: [ app_init ] --START--
INFO: Run Behavior\BuildLiteBehavior [ RunTime:0.000008s ]
INFO: [ app_init ] --END-- [ RunTime:0.000388s ]
INFO: [ app_begin ] --START--
INFO: Run Behavior\ReadHtmlCacheBehavior [ RunTime:0.000606s ]
INFO: [ app_begin ] --END-- [ RunTime:0.000641s ]
INFO: [ app_end ] --START--
INFO: Run Behavior\ShowPageTraceBehavior [ RunTime:0.000776s ]
INFO: [ app_end ] --END-- [ RunTime:0.000819s ]

[ 2018-08-07T15:15:10+08:00 ] ::1 /Home/login/verify/1533626110493
INFO: [ app_init ] --START--
INFO: Run Behavior\BuildLiteBehavior [ RunTime:0.000008s ]
INFO: [ app_init ] --END-- [ RunTime:0.000350s ]
INFO: [ app_begin ] --START--
INFO: Run Behavior\ReadHtmlCacheBehavior [ RunTime:0.000494s ]
INFO: [ app_begin ] --END-- [ RunTime:0.000548s ]
INFO: [ app_end ] --START--
INFO: Run Behavior\ShowPageTraceBehavior [ RunTime:0.000654s ]
INFO: [ app_end ] --END-- [ RunTime:0.000689s ]

[ 2018-08-07T15:15:11+08:00 ] ::1 /Home/login/verify/1533626110994
INFO: [ app_init ] --START--
INFO: Run Behavior\BuildLiteBehavior [ RunTime:0.000008s ]
INFO: [ app_init ] --END-- [ RunTime:0.000441s ]
INFO: [ app_begin ] --START--
INFO: Run Behavior\ReadHtmlCacheBehavior [ RunTime:0.000490s ]
INFO: [ app_begin ] --END-- [ RunTime:0.000518s ]
INFO: [ app_end ] --START--
INFO: Run Behavior\ShowPageTraceBehavior [ RunTime:0.000537s ]
INFO: [ app_end ] --END-- [ RunTime:0.000566s ]

[ 2018-08-07T15:15:11+08:00 ] ::1 /Home/login/verify/1533626111491
INFO: [ app_init ] --START--
INFO: Run Behavior\BuildLiteBehavior [ RunTime:0.000007s ]
INFO: [ app_init ] --END-- [ RunTime:0.000330s ]
INFO: [ app_begin ] --START--
INFO: Run Behavior\ReadHtmlCacheBehavior [ RunTime:0.000514s ]
INFO: [ app_begin ] --END-- [ RunTime:0.000540s ]
INFO: [ app_end ] --START--
INFO: Run Behavior\ShowPageTraceBehavior [ RunTime:0.000532s ]
INFO: [ app_end ] --END-- [ RunTime:0.000564s ]

[ 2018-08-07T15:15:12+08:00 ] ::1 /Home/login/verify/1533626112243
INFO: [ app_init ] --START--
INFO: Run Behavior\BuildLiteBehavior [ RunTime:0.000008s ]
INFO: [ app_init ] --END-- [ RunTime:0.000372s ]
INFO: [ app_begin ] --START--
INFO: Run Behavior\ReadHtmlCacheBehavior [ RunTime:0.000479s ]
INFO: [ app_begin ] --END-- [ RunTime:0.000504s ]
INFO: [ app_end ] --START--
INFO: Run Behavior\ShowPageTraceBehavior [ RunTime:0.001634s ]
INFO: [ app_end ] --END-- [ RunTime:0.001719s ]

[ 2018-08-07T15:15:13+08:00 ] ::1 /Home/login/verify/1533626113011
INFO: [ app_init ] --START--
INFO: Run Behavior\BuildLiteBehavior [ RunTime:0.000008s ]
INFO: [ app_init ] --END-- [ RunTime:0.000430s ]
INFO: [ app_begin ] --START--
INFO: Run Behavior\ReadHtmlCacheBehavior [ RunTime:0.000541s ]
INFO: [ app_begin ] --END-- [ RunTime:0.000572s ]
INFO: [ app_end ] --START--
INFO: Run Behavior\ShowPageTraceBehavior [ RunTime:0.000534s ]
INFO: [ app_end ] --END-- [ RunTime:0.000563s ]

[ 2018-08-07T15:15:13+08:00 ] ::1 /Home/login/verify/1533626113579
INFO: [ app_init ] --START--
INFO: Run Behavior\BuildLiteBehavior [ RunTime:0.000007s ]
INFO: [ app_init ] --END-- [ RunTime:0.000366s ]
INFO: [ app_begin ] --START--
INFO: Run Behavior\ReadHtmlCacheBehavior [ RunTime:0.000476s ]
INFO: [ app_begin ] --END-- [ RunTime:0.000500s ]
INFO: [ app_end ] --START--
INFO: Run Behavior\ShowPageTraceBehavior [ RunTime:0.000536s ]
INFO: [ app_end ] --END-- [ RunTime:0.000565s ]

[ 2018-08-07T15:15:14+08:00 ] ::1 /Home/login/verify/1533626114107
INFO: [ app_init ] --START--
INFO: Run Behavior\BuildLiteBehavior [ RunTime:0.000007s ]
INFO: [ app_init ] --END-- [ RunTime:0.000339s ]
INFO: [ app_begin ] --START--
INFO: Run Behavior\ReadHtmlCacheBehavior [ RunTime:0.000476s ]
INFO: [ app_begin ] --END-- [ RunTime:0.000499s ]
INFO: [ app_end ] --START--
INFO: Run Behavior\ShowPageTraceBehavior [ RunTime:0.000660s ]
INFO: [ app_end ] --END-- [ RunTime:0.000693s ]

[ 2018-08-07T15:15:14+08:00 ] ::1 /Home/login/verify/1533626114635
INFO: [ app_init ] --START--
INFO: Run Behavior\BuildLiteBehavior [ RunTime:0.000007s ]
INFO: [ app_init ] --END-- [ RunTime:0.000336s ]
INFO: [ app_begin ] --START--
INFO: Run Behavior\ReadHtmlCacheBehavior [ RunTime:0.000480s ]
INFO: [ app_begin ] --END-- [ RunTime:0.000505s ]
INFO: [ app_end ] --START--
INFO: Run Behavior\ShowPageTraceBehavior [ RunTime:0.000665s ]
INFO: [ app_end ] --END-- [ RunTime:0.000698s ]

[ 2018-08-07T15:15:15+08:00 ] ::1 /Home/login/verify/1533626115106
INFO: [ app_init ] --START--
INFO: Run Behavior\BuildLiteBehavior [ RunTime:0.000007s ]
INFO: [ app_init ] --END-- [ RunTime:0.000342s ]
INFO: [ app_begin ] --START--
INFO: Run Behavior\ReadHtmlCacheBehavior [ RunTime:0.000474s ]
INFO: [ app_begin ] --END-- [ RunTime:0.000497s ]
INFO: [ app_end ] --START--
INFO: Run Behavior\ShowPageTraceBehavior [ RunTime:0.000542s ]
INFO: [ app_end ] --END-- [ RunTime:0.000570s ]

[ 2018-08-07T15:15:15+08:00 ] ::1 /Home/login/verify/1533626115531
INFO: [ app_init ] --START--
INFO: Run Behavior\BuildLiteBehavior [ RunTime:0.000008s ]
INFO: [ app_init ] --END-- [ RunTime:0.000339s ]
INFO: [ app_begin ] --START--
INFO: Run Behavior\ReadHtmlCacheBehavior [ RunTime:0.000481s ]
INFO: [ app_begin ] --END-- [ RunTime:0.000505s ]
INFO: [ app_end ] --START--
INFO: Run Behavior\ShowPageTraceBehavior [ RunTime:0.000536s ]
INFO: [ app_end ] --END-- [ RunTime:0.000564s ]

[ 2018-08-07T15:15:17+08:00 ] ::1 /home/index/images/nf.mp3
INFO: [ app_init ] --START--
INFO: Run Behavior\BuildLiteBehavior [ RunTime:0.000009s ]
INFO: [ app_init ] --END-- [ RunTime:0.000366s ]
INFO: [ app_begin ] --START--
INFO: Run Behavior\ReadHtmlCacheBehavior [ RunTime:0.000504s ]
INFO: [ app_begin ] --END-- [ RunTime:0.000530s ]
ERR: 非法操作:images

[ 2018-08-07T15:15:20+08:00 ] ::1 /home/login/login
INFO: [ app_init ] --START--
INFO: Run Behavior\BuildLiteBehavior [ RunTime:0.000009s ]
INFO: [ app_init ] --END-- [ RunTime:0.001206s ]
INFO: [ app_begin ] --START--
INFO: Run Behavior\ReadHtmlCacheBehavior [ RunTime:0.000672s ]
INFO: [ app_begin ] --END-- [ RunTime:0.000716s ]
INFO: [ view_parse ] --START--
INFO: [ template_filter ] --START--
INFO: Run Behavior\ContentReplaceBehavior [ RunTime:0.000026s ]
INFO: [ template_filter ] --END-- [ RunTime:0.000057s ]
INFO: Run Behavior\ParseTemplateBehavior [ RunTime:0.004380s ]
INFO: [ view_parse ] --END-- [ RunTime:0.004411s ]
INFO: [ view_filter ] --START--
INFO: Run Behavior\WriteHtmlCacheBehavior [ RunTime:0.000373s ]
INFO: [ view_filter ] --END-- [ RunTime:0.000392s ]
INFO: [ app_end ] --START--
INFO: Run Behavior\ShowPageTraceBehavior [ RunTime:0.000512s ]
INFO: [ app_end ] --END-- [ RunTime:0.000533s ]

[ 2018-08-07T15:15:20+08:00 ] ::1 /index.php/Home/login/verify.html
INFO: [ app_init ] --START--
INFO: Run Behavior\BuildLiteBehavior [ RunTime:0.000009s ]
INFO: [ app_init ] --END-- [ RunTime:0.000513s ]
INFO: [ app_begin ] --START--
INFO: Run Behavior\ReadHtmlCacheBehavior [ RunTime:0.000770s ]
INFO: [ app_begin ] --END-- [ RunTime:0.000818s ]
INFO: [ app_end ] --START--
INFO: Run Behavior\ShowPageTraceBehavior [ RunTime:0.000608s ]
INFO: [ app_end ] --END-- [ RunTime:0.000644s ]

[ 2018-08-07T15:15:26+08:00 ] ::1 /Home/login/verify/1533626126554
INFO: [ app_init ] --START--
INFO: Run Behavior\BuildLiteBehavior [ RunTime:0.000007s ]
INFO: [ app_init ] --END-- [ RunTime:0.000326s ]
INFO: [ app_begin ] --START--
INFO: Run Behavior\ReadHtmlCacheBehavior [ RunTime:0.000564s ]
INFO: [ app_begin ] --END-- [ RunTime:0.000588s ]
INFO: [ app_end ] --START--
INFO: Run Behavior\ShowPageTraceBehavior [ RunTime:0.001019s ]
INFO: [ app_end ] --END-- [ RunTime:0.001060s ]

[ 2018-08-07T15:15:27+08:00 ] ::1 /Home/login/verify/1533626127331
INFO: [ app_init ] --START--
INFO: Run Behavior\BuildLiteBehavior [ RunTime:0.000008s ]
INFO: [ app_init ] --END-- [ RunTime:0.000335s ]
INFO: [ app_begin ] --START--
INFO: Run Behavior\ReadHtmlCacheBehavior [ RunTime:0.000471s ]
INFO: [ app_begin ] --END-- [ RunTime:0.000496s ]
INFO: [ app_end ] --START--
INFO: Run Behavior\ShowPageTraceBehavior [ RunTime:0.000519s ]
INFO: [ app_end ] --END-- [ RunTime:0.000546s ]

[ 2018-08-07T15:15:46+08:00 ] ::1 /home/index/index
INFO: [ app_init ] --START--
INFO: Run Behavior\BuildLiteBehavior [ RunTime:0.000008s ]
INFO: [ app_init ] --END-- [ RunTime:0.000374s ]
INFO: [ app_begin ] --START--
INFO: Run Behavior\ReadHtmlCacheBehavior [ RunTime:0.000480s ]
INFO: [ app_begin ] --END-- [ RunTime:0.000504s ]
SQL: SHOW COLUMNS FROM `www_blog_class` [ RunTime:0.0008s ]
SQL: SELECT * FROM `www_blog_class`  [ RunTime:0.0007s ]
SQL: SHOW COLUMNS FROM `www_blog_article` [ RunTime:0.0007s ]
SQL: SELECT COUNT(*) AS tp_count FROM `www_blog_article` LIMIT 1   [ RunTime:0.0002s ]
SQL: SELECT * FROM `www_blog_article` LIMIT 0,5   [ RunTime:0.0004s ]
INFO: [ view_parse ] --START--
INFO: [ template_filter ] --START--
INFO: Run Behavior\ContentReplaceBehavior [ RunTime:0.000046s ]
INFO: [ template_filter ] --END-- [ RunTime:0.000074s ]
INFO: Run Behavior\ParseTemplateBehavior [ RunTime:0.007050s ]
INFO: [ view_parse ] --END-- [ RunTime:0.007082s ]
INFO: [ view_filter ] --START--
INFO: Run Behavior\WriteHtmlCacheBehavior [ RunTime:0.000417s ]
INFO: [ view_filter ] --END-- [ RunTime:0.000437s ]
INFO: [ app_end ] --START--
INFO: Run Behavior\ShowPageTraceBehavior [ RunTime:0.001019s ]
INFO: [ app_end ] --END-- [ RunTime:0.001056s ]

[ 2018-08-07T15:15:46+08:00 ] ::1 /home/index/images/artwork.png
INFO: [ app_init ] --START--
INFO: Run Behavior\BuildLiteBehavior [ RunTime:0.000008s ]
INFO: [ app_init ] --END-- [ RunTime:0.000372s ]

[ 2018-08-07T15:15:46+08:00 ] ::1 /home/index/images/nf.mp3
INFO: [ app_init ] --START--
INFO: Run Behavior\BuildLiteBehavior [ RunTime:0.000008s ]
INFO: [ app_init ] --END-- [ RunTime:0.000357s ]
INFO: [ app_begin ] --START--
INFO: Run Behavior\ReadHtmlCacheBehavior [ RunTime:0.000584s ]
INFO: [ app_begin ] --END-- [ RunTime:0.000627s ]
ERR: 非法操作:images

[ 2018-08-07T15:15:48+08:00 ] ::1 /home/login/register
INFO: [ app_init ] --START--
INFO: Run Behavior\BuildLiteBehavior [ RunTime:0.000010s ]
INFO: [ app_init ] --END-- [ RunTime:0.000513s ]
INFO: [ app_begin ] --START--
INFO: Run Behavior\ReadHtmlCacheBehavior [ RunTime:0.000615s ]
INFO: [ app_begin ] --END-- [ RunTime:0.000655s ]
INFO: [ view_parse ] --START--
INFO: [ template_filter ] --START--
INFO: Run Behavior\ContentReplaceBehavior [ RunTime:0.000023s ]
INFO: [ template_filter ] --END-- [ RunTime:0.000052s ]
INFO: Run Behavior\ParseTemplateBehavior [ RunTime:0.003796s ]
INFO: [ view_parse ] --END-- [ RunTime:0.003827s ]
INFO: [ view_filter ] --START--
INFO: Run Behavior\WriteHtmlCacheBehavior [ RunTime:0.000354s ]
INFO: [ view_filter ] --END-- [ RunTime:0.000373s ]
INFO: [ app_end ] --START--
INFO: Run Behavior\ShowPageTraceBehavior [ RunTime:0.000498s ]
INFO: [ app_end ] --END-- [ RunTime:0.000517s ]

[ 2018-08-07T15:15:50+08:00 ] ::1 /home/index/index
INFO: [ app_init ] --START--
INFO: Run Behavior\BuildLiteBehavior [ RunTime:0.000010s ]
INFO: [ app_init ] --END-- [ RunTime:0.000477s ]
INFO: [ app_begin ] --START--
INFO: Run Behavior\ReadHtmlCacheBehavior [ RunTime:0.000487s ]
INFO: [ app_begin ] --END-- [ RunTime:0.000513s ]
SQL: SHOW COLUMNS FROM `www_blog_class` [ RunTime:0.0005s ]
SQL: SELECT * FROM `www_blog_class`  [ RunTime:0.0002s ]
SQL: SHOW COLUMNS FROM `www_blog_article` [ RunTime:0.0005s ]
SQL: SELECT COUNT(*) AS tp_count FROM `www_blog_article` LIMIT 1   [ RunTime:0.0002s ]
SQL: SELECT * FROM `www_blog_article` LIMIT 0,5   [ RunTime:0.0003s ]
INFO: [ view_parse ] --START--
INFO: [ template_filter ] --START--
INFO: Run Behavior\ContentReplaceBehavior [ RunTime:0.000046s ]
INFO: [ template_filter ] --END-- [ RunTime:0.000071s ]
INFO: Run Behavior\ParseTemplateBehavior [ RunTime:0.005275s ]
INFO: [ view_parse ] --END-- [ RunTime:0.005305s ]
INFO: [ view_filter ] --START--
INFO: Run Behavior\WriteHtmlCacheBehavior [ RunTime:0.000379s ]
INFO: [ view_filter ] --END-- [ RunTime:0.000398s ]
INFO: [ app_end ] --START--
INFO: Run Behavior\ShowPageTraceBehavior [ RunTime:0.001094s ]
INFO: [ app_end ] --END-- [ RunTime:0.001147s ]

[ 2018-08-07T15:15:50+08:00 ] ::1 /home/index/images/artwork.png
INFO: [ app_init ] --START--
INFO: Run Behavior\BuildLiteBehavior [ RunTime:0.000009s ]
INFO: [ app_init ] --END-- [ RunTime:0.000383s ]

[ 2018-08-07T15:15:50+08:00 ] ::1 /home/index/images/nf.mp3
INFO: [ app_init ] --START--
INFO: Run Behavior\BuildLiteBehavior [ RunTime:0.000012s ]
INFO: [ app_init ] --END-- [ RunTime:0.000479s ]
INFO: [ app_begin ] --START--
INFO: Run Behavior\ReadHtmlCacheBehavior [ RunTime:0.000560s ]
INFO: [ app_begin ] --END-- [ RunTime:0.000596s ]
ERR: 非法操作:images

